                                 Started job on |	Dec 08 10:39:56
                             Started mapping on |	Dec 08 10:40:22
                                    Finished on |	Dec 08 10:41:00
       Mapping speed, Million of reads per hour |	27.17

                          Number of input reads |	286821
                      Average input read length |	302
                                    UNIQUE READS:
                   Uniquely mapped reads number |	5321
                        Uniquely mapped reads % |	1.86%
                          Average mapped length |	288.97
                       Number of splices: Total |	1958
            Number of splices: Annotated (sjdb) |	1860
                       Number of splices: GT/AG |	1909
                       Number of splices: GC/AG |	0
                       Number of splices: AT/AC |	0
               Number of splices: Non-canonical |	49
                      Mismatch rate per base, % |	0.95%
                         Deletion rate per base |	0.07%
                        Deletion average length |	3.06
                        Insertion rate per base |	0.04%
                       Insertion average length |	2.38
                             MULTI-MAPPING READS:
        Number of reads mapped to multiple loci |	336
             % of reads mapped to multiple loci |	0.12%
        Number of reads mapped to too many loci |	49
             % of reads mapped to too many loci |	0.02%
                                  UNMAPPED READS:
  Number of reads unmapped: too many mismatches |	0
       % of reads unmapped: too many mismatches |	0.00%
            Number of reads unmapped: too short |	280980
                 % of reads unmapped: too short |	97.96%
                Number of reads unmapped: other |	135
                     % of reads unmapped: other |	0.05%
                                  CHIMERIC READS:
                       Number of chimeric reads |	0
                            % of chimeric reads |	0.00%
