+ CPU=3
+ INDEX=/Volumes/pinquisitor/experiments/data/ref_seq/ct5_index/refseq/starindex
+ READS=/Volumes/pinquisitor/experiments/data/mouse/liver/snRNAseq2_subset
+ MANIFEST=/Volumes/pinquisitor/experiments/data/mouse/liver/snRNAseq2_subset/manifest_subset.tsv
++ awk '{ print $3}' /Volumes/pinquisitor/experiments/data/mouse/liver/snRNAseq2_subset/manifest_subset.tsv
+ for i in '$(awk '\''{ print $3}'\'' $MANIFEST)'
+ mkdir CM767
+ cd CM767
+ PE1=CM767_R1.fastq.gz
+ PE2=CM767_R2.fastq.gz
+ cp /Volumes/pinquisitor/experiments/data/mouse/liver/snRNAseq2_subset/CM767_R1.fastq.gz CM767_R1.fastq.gz
+ cp /Volumes/pinquisitor/experiments/data/mouse/liver/snRNAseq2_subset/CM767_R2.fastq.gz CM767_R2.fastq.gz
+ STAR --runThreadN 3 --genomeDir /Volumes/pinquisitor/experiments/data/ref_seq/ct5_index/refseq/starindex --readFilesIn /dev/fd/63 /dev/fd/62 --soloType SmartSeq --soloUMIdedup Exact --soloStrand Unstranded --outSAMtype BAM SortedByCoordinate --outFileNamePrefix CM767
++ gunzip -c CM767_R1.fastq.gz
++ gunzip -c CM767_R2.fastq.gz
	STAR --runThreadN 3 --genomeDir /Volumes/pinquisitor/experiments/data/ref_seq/ct5_index/refseq/starindex --readFilesIn /dev/fd/63 /dev/fd/62 --soloType SmartSeq --soloUMIdedup Exact --soloStrand Unstranded --outSAMtype BAM SortedByCoordinate --outFileNamePrefix CM767
	STAR version: 2.7.9a   compiled:  :/Users/cshl/data/STAR/STAR/source
Nov 12 14:01:41 ..... started STAR run
Nov 12 14:01:41 ..... loading genome
Nov 12 14:07:05 ..... started mapping
./map_ss2_reads_STARsolo_subset.sh: line 14:  1457 Segmentation fault: 11  STAR --runThreadN $CPU --genomeDir $INDEX --readFilesIn <(gunzip -c $PE1) <(gunzip -c $PE2) --soloType SmartSeq --soloUMIdedup Exact --soloStrand Unstranded --outSAMtype BAM SortedByCoordinate --outFileNamePrefix $i
+ rm CM767_R1.fastq.gz CM767_R2.fastq.gz
+ cd ..
+ for i in '$(awk '\''{ print $3}'\'' $MANIFEST)'
+ mkdir CM766
+ cd CM766
+ PE1=CM766_R1.fastq.gz
+ PE2=CM766_R2.fastq.gz
+ cp /Volumes/pinquisitor/experiments/data/mouse/liver/snRNAseq2_subset/CM766_R1.fastq.gz CM766_R1.fastq.gz
+ cp /Volumes/pinquisitor/experiments/data/mouse/liver/snRNAseq2_subset/CM766_R2.fastq.gz CM766_R2.fastq.gz
++ gunzip -c CM766_R1.fastq.gz
+ STAR --runThreadN 3 --genomeDir /Volumes/pinquisitor/experiments/data/ref_seq/ct5_index/refseq/starindex --readFilesIn /dev/fd/63 /dev/fd/62 --soloType SmartSeq --soloUMIdedup Exact --soloStrand Unstranded --outSAMtype BAM SortedByCoordinate --outFileNamePrefix CM766
++ gunzip -c CM766_R2.fastq.gz
	STAR --runThreadN 3 --genomeDir /Volumes/pinquisitor/experiments/data/ref_seq/ct5_index/refseq/starindex --readFilesIn /dev/fd/63 /dev/fd/62 --soloType SmartSeq --soloUMIdedup Exact --soloStrand Unstranded --outSAMtype BAM SortedByCoordinate --outFileNamePrefix CM766
	STAR version: 2.7.9a   compiled:  :/Users/cshl/data/STAR/STAR/source
Nov 12 14:07:07 ..... started STAR run
Nov 12 14:07:07 ..... loading genome
Nov 12 14:12:29 ..... started mapping
./map_ss2_reads_STARsolo_subset.sh: line 14:  1892 Segmentation fault: 11  STAR --runThreadN $CPU --genomeDir $INDEX --readFilesIn <(gunzip -c $PE1) <(gunzip -c $PE2) --soloType SmartSeq --soloUMIdedup Exact --soloStrand Unstranded --outSAMtype BAM SortedByCoordinate --outFileNamePrefix $i
+ rm CM766_R1.fastq.gz CM766_R2.fastq.gz
+ cd ..
+ for i in '$(awk '\''{ print $3}'\'' $MANIFEST)'
+ mkdir CM765
+ cd CM765
+ PE1=CM765_R1.fastq.gz
+ PE2=CM765_R2.fastq.gz
+ cp /Volumes/pinquisitor/experiments/data/mouse/liver/snRNAseq2_subset/CM765_R1.fastq.gz CM765_R1.fastq.gz
+ cp /Volumes/pinquisitor/experiments/data/mouse/liver/snRNAseq2_subset/CM765_R2.fastq.gz CM765_R2.fastq.gz
+ STAR --runThreadN 3 --genomeDir /Volumes/pinquisitor/experiments/data/ref_seq/ct5_index/refseq/starindex --readFilesIn /dev/fd/63 /dev/fd/62 --soloType SmartSeq --soloUMIdedup Exact --soloStrand Unstranded --outSAMtype BAM SortedByCoordinate --outFileNamePrefix CM765
++ gunzip -c CM765_R1.fastq.gz
++ gunzip -c CM765_R2.fastq.gz
	STAR --runThreadN 3 --genomeDir /Volumes/pinquisitor/experiments/data/ref_seq/ct5_index/refseq/starindex --readFilesIn /dev/fd/63 /dev/fd/62 --soloType SmartSeq --soloUMIdedup Exact --soloStrand Unstranded --outSAMtype BAM SortedByCoordinate --outFileNamePrefix CM765
	STAR version: 2.7.9a   compiled:  :/Users/cshl/data/STAR/STAR/source
Nov 12 14:12:31 ..... started STAR run
Nov 12 14:12:31 ..... loading genome
Nov 12 14:45:14 ..... started mapping
./map_ss2_reads_STARsolo_subset.sh: line 14:  2452 Segmentation fault: 11  STAR --runThreadN $CPU --genomeDir $INDEX --readFilesIn <(gunzip -c $PE1) <(gunzip -c $PE2) --soloType SmartSeq --soloUMIdedup Exact --soloStrand Unstranded --outSAMtype BAM SortedByCoordinate --outFileNamePrefix $i
+ rm CM765_R1.fastq.gz CM765_R2.fastq.gz
+ cd ..
+ for i in '$(awk '\''{ print $3}'\'' $MANIFEST)'
+ mkdir CM764
+ cd CM764
+ PE1=CM764_R1.fastq.gz
+ PE2=CM764_R2.fastq.gz
+ cp /Volumes/pinquisitor/experiments/data/mouse/liver/snRNAseq2_subset/CM764_R1.fastq.gz CM764_R1.fastq.gz
+ cp /Volumes/pinquisitor/experiments/data/mouse/liver/snRNAseq2_subset/CM764_R2.fastq.gz CM764_R2.fastq.gz
++ gunzip -c CM764_R1.fastq.gz
+ STAR --runThreadN 3 --genomeDir /Volumes/pinquisitor/experiments/data/ref_seq/ct5_index/refseq/starindex --readFilesIn /dev/fd/63 /dev/fd/62 --soloType SmartSeq --soloUMIdedup Exact --soloStrand Unstranded --outSAMtype BAM SortedByCoordinate --outFileNamePrefix CM764
++ gunzip -c CM764_R2.fastq.gz
	STAR --runThreadN 3 --genomeDir /Volumes/pinquisitor/experiments/data/ref_seq/ct5_index/refseq/starindex --readFilesIn /dev/fd/63 /dev/fd/62 --soloType SmartSeq --soloUMIdedup Exact --soloStrand Unstranded --outSAMtype BAM SortedByCoordinate --outFileNamePrefix CM764
	STAR version: 2.7.9a   compiled:  :/Users/cshl/data/STAR/STAR/source
Nov 12 14:45:15 ..... started STAR run
Nov 12 14:45:15 ..... loading genome
Nov 12 14:50:37 ..... started mapping
./map_ss2_reads_STARsolo_subset.sh: line 14:  3110 Segmentation fault: 11  STAR --runThreadN $CPU --genomeDir $INDEX --readFilesIn <(gunzip -c $PE1) <(gunzip -c $PE2) --soloType SmartSeq --soloUMIdedup Exact --soloStrand Unstranded --outSAMtype BAM SortedByCoordinate --outFileNamePrefix $i
+ rm CM764_R1.fastq.gz CM764_R2.fastq.gz
+ cd ..
