STAR version=2.7.9a
STAR compilation time,server,dir= :/Users/cshl/data/STAR/STAR/source
##### Command Line:
STAR --runThreadN 3 --genomeDir /Volumes/pinquisitor/experiments/data/ref_seq/ct5_index/refseq/starindex --readFilesIn /dev/fd/63 /dev/fd/62 --soloType SmartSeq --soloUMIdedup Exact --soloStrand Unstranded --outSAMtype BAM SortedByCoordinate --outFileNamePrefix CM767
##### Initial USER parameters from Command Line:
outFileNamePrefix                 CM767
###### All USER parameters from Command Line:
runThreadN                    3     ~RE-DEFINED
genomeDir                     /Volumes/pinquisitor/experiments/data/ref_seq/ct5_index/refseq/starindex     ~RE-DEFINED
readFilesIn                   /dev/fd/63   /dev/fd/62        ~RE-DEFINED
soloType                      SmartSeq     ~RE-DEFINED
soloUMIdedup                  Exact        ~RE-DEFINED
soloStrand                    Unstranded     ~RE-DEFINED
outSAMtype                    BAM   SortedByCoordinate        ~RE-DEFINED
outFileNamePrefix             CM767     ~RE-DEFINED
##### Finished reading parameters from all sources

##### Final user re-defined parameters-----------------:
runThreadN                        3
genomeDir                         /Volumes/pinquisitor/experiments/data/ref_seq/ct5_index/refseq/starindex
readFilesIn                       /dev/fd/63   /dev/fd/62   
outFileNamePrefix                 CM767
outSAMtype                        BAM   SortedByCoordinate   
soloType                          SmartSeq
soloStrand                        Unstranded
soloUMIdedup                      Exact   

-------------------------------
##### Final effective command line:
STAR   --runThreadN 3   --genomeDir /Volumes/pinquisitor/experiments/data/ref_seq/ct5_index/refseq/starindex   --readFilesIn /dev/fd/63   /dev/fd/62      --outFileNamePrefix CM767   --outSAMtype BAM   SortedByCoordinate      --soloType SmartSeq   --soloStrand Unstranded   --soloUMIdedup Exact   
----------------------------------------

Number of fastq files for each mate = 1
ParametersSolo: --soloCellFilterType CellRanger2.2 filtering parameters:  3000 0.99 10
Nov 12 14:01:41 ... Finished reading, sorting and deduplicating CB whitelist sequences.
WARNING: --limitBAMsortRAM=0, will use genome size as RAM limit for BAM sorting
Finished loading and checking parameters
Reading genome generation parameters:
### STAR   --runMode genomeGenerate      --runThreadN 3   --genomeDir /Volumes/TIGERII/nobackup/refseq/starindex   --genomeFastaFiles /Volumes/TIGERII/nobackup/refseq/fasta/GRCm38.fasta      --sjdbGTFfile /Volumes/TIGERII/nobackup/refseq/gtf/GRCm38.gtf
### GstrandBit=32
versionGenome                 2.7.4a     ~RE-DEFINED
genomeType                    Full     ~RE-DEFINED
genomeFastaFiles              /Volumes/TIGERII/nobackup/refseq/fasta/GRCm38.fasta        ~RE-DEFINED
genomeSAindexNbases           14     ~RE-DEFINED
genomeChrBinNbits             18     ~RE-DEFINED
genomeSAsparseD               1     ~RE-DEFINED
genomeTransformType           None     ~RE-DEFINED
genomeTransformVCF            -     ~RE-DEFINED
sjdbOverhang                  100     ~RE-DEFINED
sjdbFileChrStartEnd           -        ~RE-DEFINED
sjdbGTFfile                   /Volumes/TIGERII/nobackup/refseq/gtf/GRCm38.gtf     ~RE-DEFINED
sjdbGTFchrPrefix              -     ~RE-DEFINED
sjdbGTFfeatureExon            exon     ~RE-DEFINED
sjdbGTFtagExonParentTranscripttranscript_id     ~RE-DEFINED
sjdbGTFtagExonParentGene      gene_id     ~RE-DEFINED
sjdbInsertSave                Basic     ~RE-DEFINED
genomeFileSizes               2797164239   22344542636        ~RE-DEFINED
Genome version is compatible with current STAR
Number of real (reference) chromosomes= 66
1	chr1	195471971	0
2	chr2	182113224	195559424
3	chr3	160039680	377749504
4	chr4	156508116	537919488
5	chr5	151834684	694681600
6	chr6	149736546	846725120
7	chr7	145441459	996671488
8	chr8	129401213	1142161408
9	chr9	124595110	1271660544
10	chr10	130694993	1396441088
11	chr11	122082543	1527250944
12	chr12	120129022	1649410048
13	chr13	120421639	1769734144
14	chr14	124902244	1890320384
15	chr15	104043685	2015363072
16	chr16	98207768	2119434240
17	chr17	94987271	2217738240
18	chr18	90702639	2312896512
19	chr19	61431566	2403860480
20	chrX	171031299	2465464320
21	chrY	91744698	2636644352
22	chrM	16299	2728394752
23	GL456210.1	169725	2728656896
24	GL456211.1	241735	2728919040
25	GL456212.1	153618	2729181184
26	GL456213.1	39340	2729443328
27	GL456216.1	66673	2729705472
28	GL456219.1	175968	2729967616
29	GL456221.1	206961	2730229760
30	GL456233.1	336933	2730491904
31	GL456239.1	40056	2731016192
32	GL456350.1	227966	2731278336
33	GL456354.1	195993	2731540480
34	GL456359.1	22974	2731802624
35	GL456360.1	31704	2732064768
36	GL456366.1	47073	2732326912
37	GL456367.1	42057	2732589056
38	GL456368.1	20208	2732851200
39	GL456370.1	26764	2733113344
40	GL456372.1	28664	2733375488
41	GL456378.1	31602	2733637632
42	GL456379.1	72385	2733899776
43	GL456381.1	25871	2734161920
44	GL456382.1	23158	2734424064
45	GL456383.1	38659	2734686208
46	GL456385.1	35240	2734948352
47	GL456387.1	24685	2735210496
48	GL456389.1	28772	2735472640
49	GL456390.1	24668	2735734784
50	GL456392.1	23629	2735996928
51	GL456393.1	55711	2736259072
52	GL456394.1	24323	2736521216
53	GL456396.1	21240	2736783360
54	JH584292.1	14945	2737045504
55	JH584293.1	207968	2737307648
56	JH584294.1	191905	2737569792
57	JH584295.1	1976	2737831936
58	JH584296.1	199368	2738094080
59	JH584297.1	205776	2738356224
60	JH584298.1	184189	2738618368
61	JH584299.1	953012	2738880512
62	JH584300.1	182347	2739929088
63	JH584301.1	259875	2740191232
64	JH584302.1	155838	2740453376
65	JH584303.1	158099	2740715520
66	JH584304.1	114452	2740977664
--sjdbOverhang = 100 taken from the generated genome
Started loading the genome: Fri Nov 12 14:01:41 2021

Genome: size given as a parameter = 2797164239
SA: size given as a parameter = 22344542636
SAindex: size given as a parameter = 1
Read from SAindex: pGe.gSAindexNbases=14  nSAi=357913940
nGenome=2797164239;  nSAbyte=22344542636
GstrandBit=32   SA number of indices=5416858820
Shared memory is not used for genomes. Allocated a private copy of the genome.
Genome file size: 2797164239 bytes; state: good=1 eof=0 fail=0 bad=0
Loading Genome ... done! state: good=1 eof=0 fail=0 bad=0; loaded 2797164239 bytes
SA file size: 22344542636 bytes; state: good=1 eof=0 fail=0 bad=0
Loading SA ... done! state: good=1 eof=0 fail=0 bad=0; loaded 22344542636 bytes
Loading SAindex ... done: 1565873619 bytes
Finished loading the genome: Fri Nov 12 14:04:59 2021

Sum of all Genome bytes: 4429584435
Sum of all SA bytes: 2761736530907
Sum of all SAi bytes: 183518243339
Processing splice junctions database sjdbN=278231,   pGe.sjdbOverhang=100 
alignIntronMax=alignMatesGapMax=0, the max intron size will be approximately determined by (2^winBinNbits)*winAnchorDistNbins=589824
Loaded transcript database, nTr=135181
Loaded exon database, nEx=801313
Created thread # 1
Created thread # 2
Thread #1 end of input stream, nextChar=-1
Completed: thread #2
Completed: thread #2
Completed: thread #0
